<?xml version="1.0" encoding="UTF-8"?>
<!-- Generated by org.testng.reporters.JUnitReportReporter -->
<testsuite hostname="LAPTOP-6F1GJ3UJ" failures="0" tests="1" name="TAsk.Task" time="15.645" errors="0" timestamp="2023-03-20T15:28:55 IST" skipped="0">
  <testcase classname="TAsk.Task" name="test1" time="15.645"/>
  <system-out/>
</testsuite> <!-- TAsk.Task -->
