<?xml version="1.0" encoding="UTF-8"?>
<!-- Generated by org.testng.reporters.JUnitReportReporter -->
<testsuite hostname="LAPTOP-6F1GJ3UJ" failures="0" tests="2" name="TestNGTutorials.TestNG1" time="0.014" errors="0" timestamp="2023-03-19T15:37:14 IST" skipped="0">
  <testcase classname="TestNGTutorials.TestNG1" name="test1" time="0.011"/>
  <system-out/>
  <testcase classname="TestNGTutorials.TestNG1" name="test2" time="0.003"/>
  <system-out/>
</testsuite> <!-- TestNGTutorials.TestNG1 -->
