<?xml version="1.0" encoding="UTF-8"?>
<!-- Generated by org.testng.reporters.JUnitReportReporter -->
<testsuite hostname="LAPTOP-6F1GJ3UJ" failures="0" tests="1" name="TAsk.Vrushah" time="0.099" errors="0" timestamp="2023-03-20T18:57:56 IST" skipped="0">
  <testcase classname="TAsk.Vrushah" name="tes" time="0.099"/>
  <system-out/>
</testsuite> <!-- TAsk.Vrushah -->
