<?xml version="1.0" encoding="UTF-8"?>
<!-- Generated by org.testng.reporters.JUnitReportReporter -->
<testsuite hostname="LAPTOP-6F1GJ3UJ" failures="0" tests="1" name="Test.Data1" time="0.022" errors="0" timestamp="2023-03-14T20:35:06 IST" skipped="0">
  <testcase classname="Test.Data1" name="add" time="0.022"/>
  <system-out/>
</testsuite> <!-- Test.Data1 -->
