<?xml version="1.0" encoding="UTF-8"?>
<!-- Generated by org.testng.reporters.JUnitReportReporter -->
<testsuite hostname="LAPTOP-6F1GJ3UJ" failures="0" tests="3" name="Test.Test1" time="33.800" errors="0" timestamp="2023-03-01T09:27:56 IST" skipped="0">
  <testcase classname="Test.Test1" name="flipkart" time="9.876"/>
  <system-out/>
  <testcase classname="Test.Test1" name="orangeHrm" time="5.771"/>
  <system-out/>
  <testcase classname="Test.Test1" name="leCode" time="18.153"/>
  <system-out/>
</testsuite> <!-- Test.Test1 -->
