<?xml version="1.0" encoding="UTF-8"?>
<!-- Generated by org.testng.reporters.JUnitReportReporter -->
<testsuite hostname="LAPTOP-6F1GJ3UJ" failures="0" tests="4" name="TestNGTutorials.ParallelTesting" time="32.543" errors="0" timestamp="2023-03-19T23:40:53 IST" skipped="0">
  <testcase classname="TestNGTutorials.ParallelTesting" name="Test11" time="6.387"/>
  <system-out/>
  <testcase classname="TestNGTutorials.ParallelTesting" name="Test12" time="8.770"/>
  <system-out/>
  <testcase classname="TestNGTutorials.ParallelTesting" name="Test13" time="7.746"/>
  <system-out/>
  <testcase classname="TestNGTutorials.ParallelTesting" name="Test1" time="9.640"/>
  <system-out/>
</testsuite> <!-- TestNGTutorials.ParallelTesting -->
