<?xml version="1.0" encoding="UTF-8"?>
<!-- Generated by org.testng.reporters.JUnitReportReporter -->
<testsuite hostname="LAPTOP-6F1GJ3UJ" failures="0" tests="1" name="Test.Asser_soft_true" time="0.015" errors="0" timestamp="2023-03-14T20:24:24 IST" skipped="0">
  <testcase classname="Test.Asser_soft_true" name="acti" time="0.015"/>
  <system-out/>
</testsuite> <!-- Test.Asser_soft_true -->
