<?xml version="1.0" encoding="UTF-8"?>
<!-- Generated by org.testng.reporters.JUnitReportReporter -->
<testsuite hostname="LAPTOP-6F1GJ3UJ" failures="0" tests="1" name="Test.CrossBrwoswrTesting" time="43.988" errors="0" timestamp="2023-03-04T10:24:28 IST" skipped="0">
  <testcase classname="Test.CrossBrwoswrTesting" name="lauch" time="43.988"/>
  <system-out/>
</testsuite> <!-- Test.CrossBrwoswrTesting -->
