<?xml version="1.0" encoding="UTF-8"?>
<!-- Generated by org.testng.reporters.JUnitReportReporter -->
<testsuite hostname="LAPTOP-6F1GJ3UJ" failures="0" tests="2" name="EveryTHingAboutTestNg.TestNgg1" time="0.033" errors="0" timestamp="2023-03-16T19:20:40 IST" skipped="0">
  <testcase classname="EveryTHingAboutTestNg.TestNgg1" name="testScript" time="0.017"/>
  <system-out/>
  <testcase classname="EveryTHingAboutTestNg.TestNgg1" name="testScript6" time="0.016"/>
  <system-out/>
</testsuite> <!-- EveryTHingAboutTestNg.TestNgg1 -->
