<?xml version="1.0" encoding="UTF-8"?>
<!-- Generated by org.testng.reporters.JUnitReportReporter -->
<testsuite hostname="LAPTOP-6F1GJ3UJ" failures="0" tests="2" name="javaScript" time="27.585" errors="0" timestamp="2023-03-20T14:57:24 IST" skipped="0">
  <testcase classname="javaScript" name="test2" time="9.027"/>
  <system-out/>
  <testcase classname="javaScript" name="test1" time="18.558"/>
  <system-out/>
</testsuite> <!-- javaScript -->
