<?xml version="1.0" encoding="UTF-8"?>
<!-- Generated by org.testng.reporters.JUnitReportReporter -->
<testsuite hostname="LAPTOP-6F1GJ3UJ" failures="0" tests="1" name="TestNGTutorials.vr" time="0.012" errors="0" timestamp="2023-03-19T21:02:24 IST" skipped="0">
  <testcase classname="TestNGTutorials.vr" name="ecel" time="0.012"/>
  <system-out/>
</testsuite> <!-- TestNGTutorials.vr -->
