<?xml version="1.0" encoding="UTF-8"?>
<!-- Generated by org.testng.reporters.JUnitReportReporter -->
<testsuite hostname="LAPTOP-6F1GJ3UJ" failures="0" tests="1" name="TestPractices.prac" time="0.007" errors="0" timestamp="2023-03-06T02:02:38 IST" skipped="0">
  <testcase classname="TestPractices.prac" name="test2" time="0.007"/>
  <system-out/>
</testsuite> <!-- TestPractices.prac -->
