<?xml version="1.0" encoding="UTF-8"?>
<!-- Generated by org.testng.reporters.JUnitReportReporter -->
<testsuite hostname="LAPTOP-6F1GJ3UJ" failures="0" tests="14" name="vrushah" time="10.090" errors="1" timestamp="2023-03-14T20:06:13 IST" skipped="13">
  <testcase classname="vrushah" name="setUp" time="10.090">
    <error message="Unable to establish websocket connection to http://localhost:58008/devtools/browser/c4b1a981-0edb-4fc2-bf43-6229c83c4b42
Build info: version: &#039;4.4.0&#039;, revision: &#039;e5c75ed026a&#039;
System info: host: &#039;LAPTOP-6F1GJ3UJ&#039;, ip: &#039;192.168.137.1&#039;, os.name: &#039;Windows 10&#039;, os.arch: &#039;amd64&#039;, os.version: &#039;10.0&#039;, java.version: &#039;17.0.5&#039;
Driver info: driver.version: ChromeDriver" type="org.openqa.selenium.remote.http.ConnectionFailedException">
      <![CDATA[org.openqa.selenium.remote.http.ConnectionFailedException: Unable to establish websocket connection to http://localhost:58008/devtools/browser/c4b1a981-0edb-4fc2-bf43-6229c83c4b42
Build info: version: '4.4.0', revision: 'e5c75ed026a'
System info: host: 'LAPTOP-6F1GJ3UJ', ip: '192.168.137.1', os.name: 'Windows 10', os.arch: 'amd64', os.version: '10.0', java.version: '17.0.5'
Driver info: driver.version: ChromeDriver
at org.openqa.selenium.remote.http.netty.NettyWebSocket.<init>(NettyWebSocket.java:102)
at org.openqa.selenium.remote.http.netty.NettyWebSocket.lambda$create$3(NettyWebSocket.java:128)
at org.openqa.selenium.remote.http.netty.NettyClient.openSocket(NettyClient.java:106)
at org.openqa.selenium.devtools.Connection.<init>(Connection.java:77)
at org.openqa.selenium.chromium.ChromiumDriver.lambda$new$2(ChromiumDriver.java:116)
at java.base/java.util.Optional.map(Optional.java:260)
at org.openqa.selenium.chromium.ChromiumDriver.<init>(ChromiumDriver.java:114)
at org.openqa.selenium.chrome.ChromeDriver.<init>(ChromeDriver.java:81)
at org.openqa.selenium.chrome.ChromeDriver.<init>(ChromeDriver.java:49)
at vrushah.setUp(vrushah.java:33)
at java.base/jdk.internal.reflect.NativeMethodAccessorImpl.invoke0(Native Method)
at java.base/jdk.internal.reflect.NativeMethodAccessorImpl.invoke(NativeMethodAccessorImpl.java:77)
at java.base/jdk.internal.reflect.DelegatingMethodAccessorImpl.invoke(DelegatingMethodAccessorImpl.java:43)
at java.base/java.lang.reflect.Method.invoke(Method.java:568)
at org.testng.internal.MethodInvocationHelper.invokeMethod(MethodInvocationHelper.java:132)
at org.testng.internal.MethodInvocationHelper.invokeMethodConsideringTimeout(MethodInvocationHelper.java:61)
at org.testng.internal.ConfigInvoker.invokeConfigurationMethod(ConfigInvoker.java:366)
at org.testng.internal.ConfigInvoker.invokeConfigurations(ConfigInvoker.java:320)
at org.testng.SuiteRunner.privateRun(SuiteRunner.java:327)
at org.testng.SuiteRunner.run(SuiteRunner.java:286)
at org.testng.SuiteRunnerWorker.runSuite(SuiteRunnerWorker.java:53)
at org.testng.SuiteRunnerWorker.run(SuiteRunnerWorker.java:96)
at org.testng.TestNG.runSuitesSequentially(TestNG.java:1218)
at org.testng.TestNG.runSuitesLocally(TestNG.java:1140)
at org.testng.TestNG.runSuites(TestNG.java:1069)
at org.testng.TestNG.run(TestNG.java:1037)
at org.testng.remote.AbstractRemoteTestNG.run(AbstractRemoteTestNG.java:115)
at org.testng.remote.RemoteTestNG.initAndRun(RemoteTestNG.java:251)
at org.testng.remote.RemoteTestNG.main(RemoteTestNG.java:77)
]]>
    </error>
  </testcase> <!-- setUp -->
  <system-out/>
  <testcase classname="vrushah" name="testcase1" time="0.000">
    <skipped/>
  </testcase> <!-- testcase1 -->
  <system-out/>
  <testcase classname="vrushah" name="vrushabh" time="0.000">
    <skipped/>
  </testcase> <!-- vrushabh -->
  <system-out/>
  <testcase classname="vrushah" name="bt" time="0.000">
    <skipped/>
  </testcase> <!-- bt -->
  <system-out/>
  <testcase classname="vrushah" name="css" time="0.000">
    <skipped/>
  </testcase> <!-- css -->
  <system-out/>
  <testcase classname="vrushah" name="b" time="0.000">
    <skipped/>
  </testcase> <!-- b -->
  <system-out/>
  <testcase classname="vrushah" name="mf" time="0.000">
    <skipped/>
  </testcase> <!-- mf -->
  <system-out/>
  <testcase classname="vrushah" name="getlo" time="0.000">
    <skipped/>
  </testcase> <!-- getlo -->
  <system-out/>
  <testcase classname="vrushah" name="mdxdf" time="0.000">
    <skipped/>
  </testcase> <!-- mdxdf -->
  <system-out/>
  <testcase classname="vrushah" name="d" time="0.000">
    <skipped/>
  </testcase> <!-- d -->
  <system-out/>
  <testcase classname="vrushah" name="habh" time="0.000">
    <skipped/>
  </testcase> <!-- habh -->
  <system-out/>
  <testcase classname="vrushah" name="nf" time="0.000">
    <skipped/>
  </testcase> <!-- nf -->
  <system-out/>
  <testcase classname="vrushah" name="getScreenShotOFElement" time="0.000">
    <skipped/>
  </testcase> <!-- getScreenShotOFElement -->
  <system-out/>
  <testcase classname="vrushah" name="jse" time="0.000">
    <skipped/>
  </testcase> <!-- jse -->
  <system-out/>
</testsuite> <!-- vrushah -->
