<?xml version="1.0" encoding="UTF-8"?>
<!-- Generated by org.testng.reporters.JUnitReportReporter -->
<testsuite hostname="LAPTOP-6F1GJ3UJ" failures="0" tests="3" name="TestNGTutorials.DataDriverTesting" time="91.157" errors="0" timestamp="2023-03-19T20:28:12 IST" skipped="0">
  <testcase classname="TestNGTutorials.DataDriverTesting" name="login" time="25.050"/>
  <system-out/>
  <testcase classname="TestNGTutorials.DataDriverTesting" name="login" time="45.268"/>
  <system-out/>
  <testcase classname="TestNGTutorials.DataDriverTesting" name="login" time="20.839"/>
  <system-out/>
</testsuite> <!-- TestNGTutorials.DataDriverTesting -->
