<?xml version="1.0" encoding="UTF-8"?>
<!-- Generated by org.testng.reporters.JUnitReportReporter -->
<testsuite hostname="LAPTOP-6F1GJ3UJ" failures="0" tests="1" name="Pra.vrushabh1" time="22.975" errors="0" timestamp="2023-03-16T13:02:27 IST" skipped="0">
  <testcase classname="Pra.vrushabh1" name="launch" time="22.975"/>
  <system-out/>
</testsuite> <!-- Pra.vrushabh1 -->
