<?xml version="1.0" encoding="UTF-8"?>
<!-- Generated by org.testng.reporters.JUnitReportReporter -->
<testsuite hostname="LAPTOP-6F1GJ3UJ" failures="0" tests="4" name="Pra.vrushabh" time="19.634" errors="0" timestamp="2023-03-16T13:02:27 IST" skipped="0">
  <testcase classname="Pra.vrushabh" name="Lauch" time="17.599"/>
  <system-out/>
  <testcase classname="Pra.vrushabh" name="vru" time="0.123"/>
  <system-out/>
  <testcase classname="Pra.vrushabh" name="sen" time="1.294"/>
  <system-out/>
  <testcase classname="Pra.vrushabh" name="sens" time="0.618"/>
  <system-out/>
</testsuite> <!-- Pra.vrushabh -->
