<?xml version="1.0" encoding="UTF-8"?>
<!-- Generated by org.testng.reporters.JUnitReportReporter -->
<testsuite hostname="LAPTOP-6F1GJ3UJ" failures="0" tests="1" name="TestNGTutorials.TimeOutExecption" time="0.011" errors="0" timestamp="2023-03-19T16:48:24 IST" skipped="0">
  <testcase classname="TestNGTutorials.TimeOutExecption" name="test" time="0.011"/>
  <system-out/>
</testsuite> <!-- TestNGTutorials.TimeOutExecption -->
