<?xml version="1.0" encoding="UTF-8"?>
<!-- Generated by org.testng.reporters.JUnitReportReporter -->
<testsuite hostname="LAPTOP-6F1GJ3UJ" failures="0" tests="1" name="Test.GroupEXec" time="0.015" errors="0" timestamp="2023-03-01T09:50:52 IST" skipped="0">
  <testcase classname="Test.GroupEXec" name="delete" time="0.015"/>
  <system-out/>
</testsuite> <!-- Test.GroupEXec -->
