<?xml version="1.0" encoding="UTF-8"?>
<!-- Generated by org.testng.reporters.JUnitReportReporter -->
<testsuite hostname="LAPTOP-6F1GJ3UJ" failures="0" tests="1" name="TestNGTutorials.Parameterised" time="20.012" errors="0" timestamp="2023-03-19T19:50:07 IST" skipped="0">
  <testcase classname="TestNGTutorials.Parameterised" name="MAke" time="20.012"/>
  <system-out/>
</testsuite> <!-- TestNGTutorials.Parameterised -->
