<?xml version="1.0" encoding="UTF-8"?>
<!-- Generated by org.testng.reporters.JUnitReportReporter -->
<testsuite hostname="LAPTOP-6F1GJ3UJ" failures="0" tests="4" name="Test.InvocationCountt" time="0.004" errors="0" timestamp="2023-03-01T09:34:41 IST" skipped="0">
  <testcase classname="Test.InvocationCountt" name="delete" time="0.001"/>
  <system-out/>
  <testcase classname="Test.InvocationCountt" name="delete" time="0.001"/>
  <system-out/>
  <testcase classname="Test.InvocationCountt" name="create" time="0.001"/>
  <system-out/>
  <testcase classname="Test.InvocationCountt" name="modiefy" time="0.001"/>
  <system-out/>
</testsuite> <!-- Test.InvocationCountt -->
