<?xml version="1.0" encoding="UTF-8"?>
<!-- Generated by org.testng.reporters.JUnitReportReporter -->
<testsuite hostname="LAPTOP-6F1GJ3UJ" failures="0" tests="1" name="com.orangehrm.testcases.HomePageTest" time="41.533" errors="0" timestamp="2023-05-08T11:35:42 IST" skipped="0">
  <testcase classname="com.orangehrm.testcases.HomePageTest" name="clickOnAdmin" time="41.533"/>
  <system-out/>
</testsuite> <!-- com.orangehrm.testcases.HomePageTest -->
