<?xml version="1.0" encoding="UTF-8"?>
<!-- Generated by org.testng.reporters.JUnitReportReporter -->
<testsuite hostname="LAPTOP-6F1GJ3UJ" failures="0" tests="1" name="Test.Data" time="0.002" errors="0" timestamp="2023-03-01T09:34:41 IST" skipped="0">
  <testcase classname="Test.Data" name="editAccount" time="0.002"/>
  <system-out/>
</testsuite> <!-- Test.Data -->
