<?xml version="1.0" encoding="UTF-8"?>
<!-- Generated by org.testng.reporters.JUnitReportReporter -->
<testsuite hostname="LAPTOP-6F1GJ3UJ" failures="0" tests="2" name="Test.Annotationss" time="0.008" errors="0" timestamp="2023-03-02T09:10:24 IST" skipped="0">
  <testcase classname="Test.Annotationss" name="createAccount" time="0.006"/>
  <system-out/>
  <testcase classname="Test.Annotationss" name="modify" time="0.002"/>
  <system-out/>
</testsuite> <!-- Test.Annotationss -->
