<?xml version="1.0" encoding="UTF-8"?>
<!-- Generated by org.testng.reporters.JUnitReportReporter -->
<testsuite hostname="LAPTOP-6F1GJ3UJ" failures="0" tests="3" name="Flipkart.WebElemen" time="0.163" errors="0" timestamp="2023-03-17T23:55:46 IST" skipped="0">
  <testcase classname="Flipkart.WebElemen" name="url" time="0.143"/>
  <system-out/>
  <testcase classname="Flipkart.WebElemen" name="softLoginWindowclick" time="0.012"/>
  <system-out/>
  <testcase classname="Flipkart.WebElemen" name="enetreproduct" time="0.008"/>
  <system-out/>
</testsuite> <!-- Flipkart.WebElemen -->
