<?xml version="1.0" encoding="UTF-8"?>
<!-- Generated by org.testng.reporters.JUnitReportReporter -->
<testsuite hostname="LAPTOP-6F1GJ3UJ" failures="0" tests="1" name="com.orangehrm.testcases.MyInfoPageTest" time="69.036" errors="0" timestamp="2023-05-08T16:42:17 IST" skipped="0">
  <testcase classname="com.orangehrm.testcases.MyInfoPageTest" name="updateMyInfo" time="69.036"/>
  <system-out/>
</testsuite> <!-- com.orangehrm.testcases.MyInfoPageTest -->
